<?xml version="1.0" encoding="UTF-8"?>
<!-- Generated by org.testng.reporters.JUnitXMLReporter -->
<testsuite ignored="0" hostname="DESKTOP-1KB0RC3" failures="0" tests="4" name="Test" time="0.113" errors="0" timestamp="2022-12-05T16:45:02 IST">
  <testcase classname="JenkinsPractice.BuildCreationTest" name="regBuildTest" time="0.019"/>
  <testcase classname="JenkinsPractice.BuildCreationTest" name="smokeBuildTest" time="0.002"/>
  <testcase classname="JenkinsPractice.BuildDeploymentTest" name="sample1Test" time="0.002"/>
  <testcase classname="JenkinsPractice.BuildDeploymentTest" name="sample2Test" time="0.002"/>
</testsuite> <!-- Test -->
